Label        : CH_true2
Command      : dotnet build/Smartian.dll fuzz -p examples/bc/CH_true2.bin -a examples/abi/CH_true2.abi -t 120 -o examples/output/CH_true2 --useothersoracle -v 1
Started      : 2025-11-16 13:42:15 PST
Working Dir  : /Users/gelo/documents/thesis/smartian
========================================
[00:00:00:00] Fuzz target : examples/bc/CH_true2.bin
[00:00:00:00] Fuzzing starts at 01:42:15
[00:00:00:00] Time limit : 120 s
[*] EVM Code Copy Analysis started.
[*] EVM Trampoline Analysis started.
[*] All done in 0.019780 sec.
[DEBUG] Analyzing constructor @ 0
Found codecopy(<0x0, { }, { }>, _, _), arg# = 0
constructor: Def = {  }, Use = {  }
Constructor tainted: {  }
[DEBUG] Analyzing breakIt(6a1f9e19) @ 46
[Warning] InterJump to unknown dst @ 108
breakIt(6a1f9e19): Def = {  }, Use = {  }
(0 candidate sequences)
[00:00:00:00] Start main fuzzing phase
[00:00:00:00] [*] Save new seed id-00000_00000: 
( => TX 0 <= ) Function: constructor, From: TargetOwner, UseAgent: true
          Value : uint256
                 0000000000000000000000000000000000000000000000000000000000000000
(    TX 1    ) Function: breakIt(6a1f9e19), From: NormalUser2, UseAgent: false
          Value : uint256
                 0000000000000000000000000000000000000000000000000000000000000000

Fuzzing timeout expired.
[00:00:02:00] ===== Statistics =====
[00:00:02:00] Total Executions: 1171776
[00:00:02:00] Deployment failures: 1171776
[00:00:02:00] Test Cases: 1
[00:00:02:00] Covered Edges: 1
[00:00:02:00] Covered Instructions: 14
[00:00:02:00] Covered Def-Use Chains: 0
[00:00:02:00] Found Bugs:
[00:00:02:00]   Assertion Failure: 0
[00:00:02:00]   Arbitrary Write: 0
[00:00:02:00]   Block state Dependency: 0
[00:00:02:00]   Control Hijack: 0
[00:00:02:00]   Ether Leak: 0
[00:00:02:00]   Integer Bug: 0
[00:00:02:00]   Mishandled Exception: 0
[00:00:02:00]   Multiple Send: 0
[00:00:02:00]   Reentrancy: 0
[00:00:02:00]   Suicidal Contract: 0
[00:00:02:00]   Transaction Origin Use: 0
[00:00:02:00]   Freezing Ether: 0
[00:00:02:00]   Requirement Violation: 0
[00:00:02:00] Done, clean up and exit...
----------------------------------------
Finished     : 2025-11-16 13:44:15 PST
Exit Code    : 0
