Label        : ME_true
Command      : dotnet build/Smartian.dll fuzz -p examples/bc/ME_true.bin -a examples/abi/ME_true.abi -t 120 -o examples/output/ME_true --useothersoracle -v 1
Started      : 2025-11-16 14:14:44 PST
Working Dir  : /Users/gelo/documents/thesis/smartian
========================================
[00:00:00:00] Fuzz target : examples/bc/ME_true.bin
[00:00:00:00] Fuzzing starts at 02:14:44
[00:00:00:00] Time limit : 120 s
[*] EVM Code Copy Analysis started.
[*] EVM Trampoline Analysis started.
[*] All done in 0.038440 sec.
[DEBUG] Analyzing constructor @ 0
Found codecopy(<0x0, { }, { }>, _, _), arg# = 0
constructor: Def = {  }, Use = {  }
Constructor tainted: {  }
[DEBUG] Analyzing recovery(06b5ad18) @ 77
recovery(06b5ad18): Def = {  }, Use = {  }
[DEBUG] Analyzing MyTestWallet7(22d122a9) @ 114
Found sload(<0x0, { }, { }>) @ 0x2ab
Found sstore(<0x0, { }, { }>, <T, { }, { CALLER, var_0 }>) @ 0x2e0
MyTestWallet7(22d122a9): Def = { var_0 }, Use = { var_0 }
[DEBUG] Analyzing withdraw(3ccfd60b) @ 12b
Found sload(<0x0, { }, { }>) @ 0x2ea
Found sload(<0x0, { }, { }>) @ 0x359
withdraw(3ccfd60b): Def = {  }, Use = { var_0 }
[DEBUG] Analyzing owner(8da5cb5b) @ 142
Found sload(<0x0, { }, { }>) @ 0x401
owner(8da5cb5b): Def = {  }, Use = { var_0 }
[DEBUG] Analyzing deposit(d0e30db0) @ 199
deposit(d0e30db0): Def = {  }, Use = {  }
[DEBUG] Analyzing fallback @ 0
fallback: Def = {  }, Use = {  }
(3 candidate sequences)
["MyTestWallet7(22d122a9)"; "withdraw(3ccfd60b)"]
["MyTestWallet7(22d122a9)"; "owner(8da5cb5b)"]
["MyTestWallet7(22d122a9)"; "MyTestWallet7(22d122a9)"]
[00:00:00:00] Start main fuzzing phase
[00:00:00:00] [*] Save new seed id-00000_00000: 
( => TX 0 <= ) Function: constructor, From: TargetOwner, UseAgent: true
          Value : uint256
                 0000000000000000000000000000000000000000000000000000000000000000
(    TX 1    ) Function: MyTestWallet7(22d122a9), From: NormalUser3, UseAgent: false
          Value : uint256
                 0000000000000000000000000000000000000000000000000000000000000000
(    TX 2    ) Function: withdraw(3ccfd60b), From: NormalUser1, UseAgent: false
          Value : uint256
                 0000000000000000000000000000000000000000000000000000000000000000

[00:00:00:00] [*] Save new seed id-00001_00000: 
( => TX 0 <= ) Function: constructor, From: TargetOwner, UseAgent: false
          Value : uint256
                 0000000000000000000000000000000000000000000000000000000000000000
(    TX 1    ) Function: MyTestWallet7(22d122a9), From: NormalUser2, UseAgent: false
          Value : uint256
                 0000000000000000000000000000000000000000000000000000000000000000
(    TX 2    ) Function: owner(8da5cb5b), From: NormalUser3, UseAgent: false
          Value : uint256
                 0000000000000000000000000000000000000000000000000000000000000000

[00:00:00:00] [*] Save new seed id-00002_00000: 
( => TX 0 <= ) Function: constructor, From: TargetOwner, UseAgent: true
          Value : uint256
                 0000000000000000000000000000000000000000000000000000000000000000
(    TX 1    ) Function: deposit(d0e30db0), From: NormalUser1, UseAgent: false
          Value : uint256
                 0000000000000000000000000000000000000000D10000000000000000000000
(    TX 2    ) Function: recovery(06b5ad18), From: TargetOwner, UseAgent: false
          Value : uint256
                 0000000000000000000000000000000000000000000000000000000000000000
          Arg1 : string
                 41424300
          Arg2 : address
                 0000000000000000000000000E00000000000000
(    TX 3    ) Function: MyTestWallet7(22d122a9), From: NormalUser3, UseAgent: false
          Value : uint256
                 0000000000000000000000000000000000000000000000000000000000000000
(    TX 4    ) Function: deposit(d0e30db0), From: TargetOwner, UseAgent: false
          Value : uint256
                 0000000000000000000000000000000000000000000000000000000000000000
(    TX 5    ) Function: fallback, From: NormalUser2, UseAgent: false
          Value : uint256
                 8000000000040000000000000000000000000000000000000000000000003401
(    TX 6    ) Function: owner(8da5cb5b), From: NormalUser2, UseAgent: false
          Value : uint256
                 0000000000000000000000000000000000000000000000000000000000000000

[00:00:00:00] [*] Save new seed id-00003_00000: 
( => TX 0 <= ) Function: constructor, From: TargetOwner, UseAgent: true
          Value : uint256
                 0000000000000000000000000000000000000000000000000000000000000000
(    TX 1    ) Function: deposit(d0e30db0), From: NormalUser2, UseAgent: false
          Value : uint256
                 000000000000200000000000000000000000807F00000000000041DF000000FB
(    TX 2    ) Function: recovery(06b5ad18), From: NormalUser2, UseAgent: false
          Value : uint256
                 0000000000000000000000000000000000000000000000000000000000000000
          Arg1 : string
                 41424300
          Arg2 : address
                 0000000000020000000000000000000000000000
(    TX 3    ) Function: withdraw(3ccfd60b), From: NormalUser1, UseAgent: false
          Value : uint256
                 0000000000000000000000000000000000000000000000000000000000000000
(    TX 4    ) Function: owner(8da5cb5b), From: NormalUser3, UseAgent: false
          Value : uint256
                 0000000000000000000000000000000000000000000000000000000000000000
(    TX 5    ) Function: fallback, From: NormalUser3, UseAgent: false
          Value : uint256
                 0000000000000000000000000000000000000000000000000000000000000000
(    TX 6    ) Function: owner(8da5cb5b), From: TargetOwner, UseAgent: false
          Value : uint256
                 0000000000000000000000000000000000000000000000000000000000000000
(    TX 7    ) Function: withdraw(3ccfd60b), From: NormalUser1, UseAgent: false
          Value : uint256
                 0000000000000000000000000000000000000000000000000000000000000000

[00:00:00:00] Tx#5 found MishandledException at 3f2
[00:00:00:00] Tx#5 found MishandledExceptionMythril at 3f2
[00:00:00:00] Tx#5 found MishandledExceptionManticore at 3f2
[00:00:00:00] [*] Save bug seed id-00000-ME-ME_mant-ME_myth_00000: 
(    TX 0    ) Function: constructor, From: TargetOwner, UseAgent: true
          Value : uint256
                 0000000000000000000000000000000000000000000000000000000000000000
(    TX 1    ) Function: MyTestWallet7(22d122a9), From: NormalUser2, UseAgent: false
          Value : uint256
                 0000000000000000000000000000000000000000000000000000000000000000
(    TX 2    ) Function: MyTestWallet7(22d122a9), From: NormalUser1, UseAgent: false
          Value : uint256
                 0000000000000000000000000000000000000000000000000000000000000000
(    TX 3    ) Function: recovery(06b5ad18), From: NormalUser1, UseAgent: false
          Value : uint256
                 0000000000000000000000000000000000000000000000000000000000000000
          Arg1 : string
                 00000000
          Arg2 : address
                 0000000000000000000000000000000000000000
( => TX 4 <= ) Function: MyTestWallet7(22d122a9), From: NormalUser1, UseAgent: false
          Value : uint256
                 0000000000000000000000000000000000000000000000000000000000000000
(    TX 5    ) Function: withdraw(3ccfd60b), From: NormalUser1, UseAgent: false
          Value : uint256
                 0000000000000000000000000000000000000000000000000000000000000000

[00:00:00:00] [*] Save new seed id-00004_00000: 
(    TX 0    ) Function: constructor, From: TargetOwner, UseAgent: true
          Value : uint256
                 0000000000000000000000000000000000000000000000000000000000000000
(    TX 1    ) Function: MyTestWallet7(22d122a9), From: NormalUser2, UseAgent: false
          Value : uint256
                 0000000000000000000000000000000000000000000000000000000000000000
(    TX 2    ) Function: MyTestWallet7(22d122a9), From: NormalUser1, UseAgent: false
          Value : uint256
                 0000000000000000000000000000000000000000000000000000000000000000
(    TX 3    ) Function: recovery(06b5ad18), From: NormalUser1, UseAgent: false
          Value : uint256
                 0000000000000000000000000000000000000000000000000000000000000000
          Arg1 : string
                 00000000
          Arg2 : address
                 0000000000000000000000000000000000000000
( => TX 4 <= ) Function: MyTestWallet7(22d122a9), From: NormalUser1, UseAgent: false
          Value : uint256
                 0000000000000000000000000000000000000000000000000000000000000000
(    TX 5    ) Function: withdraw(3ccfd60b), From: NormalUser1, UseAgent: false
          Value : uint256
                 0000000000000000000000000000000000000000000000000000000000000000

[00:00:00:00] Tx#2 found MishandledExceptionSFuzz at 3f2
[00:00:00:00] Tx#2 found MishandledExceptionILF at 3f2
[00:00:00:00] [*] Save bug seed id-00001-ME_ilf-ME_sfuzz_00000: 
(    TX 0    ) Function: constructor, From: TargetOwner, UseAgent: true
          Value : uint256
                 0000000000000000000000000000000000000000000000000000000000000000
(    TX 1    ) Function: MyTestWallet7(22d122a9), From: NormalUser3, UseAgent: false
          Value : uint256
                 0000000000000000000000000000000000000000000000000000000000000000
( => TX 2 <= ) Function: withdraw(3ccfd60b), From: NormalUser3, UseAgent: true
          Value : uint256
                 0000000000000000000000000000000000000000000000000000000000000000
(    TX 3    ) Function: fallback, From: TargetOwner, UseAgent: false
          Value : uint256
                 4000000000000000000000000000000000000000000000000000000000000000

[00:00:00:05] [*] Save new seed id-00005_00005: 
(    TX 0    ) Function: constructor, From: TargetOwner, UseAgent: true
          Value : uint256
                 0000000000000000000000000000000000000000000000000000000000000000
(    TX 1    ) Function: withdraw(3ccfd60b), From: NormalUser1, UseAgent: false
          Value : uint256
                 0000000000000000000000000000000000000000000000000000000000000000
(    TX 2    ) Function: MyTestWallet7(22d122a9), From: NormalUser1, UseAgent: false
          Value : uint256
                 0000000000000000000000000000000000000000000000000000000000000000
( => TX 3 <= ) Function: MyTestWallet7(22d122a9), From: NormalUser2, UseAgent: false
          Value : uint256
                 0000000000000000000000000000000000000000000000000000000000000000
(    TX 4    ) Function: recovery(06b5ad18), From: NormalUser1, UseAgent: false
          Value : uint256
                 0000000000000000000000000000000000000000000000000000000000000000
          Arg1 : string
                 81424300
          Arg2 : address
                 0000000000000000000000000000000000000000
(    TX 5    ) Function: withdraw(3ccfd60b), From: TargetOwner, UseAgent: false
          Value : uint256
                 0000000000000000000000000000000000000000000000000000000000000000
(    TX 6    ) Function: deposit(d0e30db0), From: NormalUser2, UseAgent: false
          Value : uint256
                 0000000020000000000000000000000000000000000000003F0000FF00530000
(    TX 7    ) Function: withdraw(3ccfd60b), From: NormalUser2, UseAgent: false
          Value : uint256
                 0000000000000000000000000000000000000000000000000000000000000000
(    TX 8    ) Function: MyTestWallet7(22d122a9), From: NormalUser3, UseAgent: true
          Value : uint256
                 0000000000000000000000000000000000000000000000000000000000000000
(    TX 9    ) Function: MyTestWallet7(22d122a9), From: NormalUser1, UseAgent: false
          Value : uint256
                 0000000000000000000000000000000000000000000000000000000000000000
(    TX 10    ) Function: deposit(d0e30db0), From: NormalUser2, UseAgent: false
          Value : uint256
                 00000000000000000000000000000000000000000000003F0000000000000000
(    TX 11    ) Function: withdraw(3ccfd60b), From: NormalUser1, UseAgent: false
          Value : uint256
                 0000000000000000000000000000000000000000000000000000000000000000

[00:00:00:05] Tx#10 found EtherLeak at 3f2
[00:00:00:05] [*] Save bug seed id-00002-EL_00005: 
( => TX 0 <= ) Function: constructor, From: TargetOwner, UseAgent: true
          Value : uint256
                 0000000000000000000000000000000000000000000000000000000000000000
(    TX 1    ) Function: withdraw(3ccfd60b), From: NormalUser1, UseAgent: false
          Value : uint256
                 0000000000000000000000000000000000000000000000000000000000000000
(    TX 2    ) Function: MyTestWallet7(22d122a9), From: NormalUser1, UseAgent: false
          Value : uint256
                 0000000000000000000000000000000000000000000000000000000000000000
(    TX 3    ) Function: MyTestWallet7(22d122a9), From: NormalUser2, UseAgent: false
          Value : uint256
                 0000000000000000000000000000000000000000000000000000000000000000
(    TX 4    ) Function: recovery(06b5ad18), From: NormalUser1, UseAgent: false
          Value : uint256
                 0000000000000000000000000000000000000000000000000000000000000000
          Arg1 : string
                 81424300
          Arg2 : address
                 0000000000000000000000000000000000000000
(    TX 5    ) Function: deposit(d0e30db0), From: NormalUser2, UseAgent: false
          Value : uint256
                 0000000020000000000000000000000000000000000000003F0000FF00530000
(    TX 6    ) Function: withdraw(3ccfd60b), From: NormalUser2, UseAgent: false
          Value : uint256
                 0000000000000000000000000000000000000000000000000000000000000000
(    TX 7    ) Function: MyTestWallet7(22d122a9), From: NormalUser3, UseAgent: true
          Value : uint256
                 0000000000000000000000000000000000000000000000000000000000000000
(    TX 8    ) Function: MyTestWallet7(22d122a9), From: NormalUser1, UseAgent: false
          Value : uint256
                 0000000000000000000000000000000000000000000000000000000000000000
(    TX 9    ) Function: deposit(d0e30db0), From: NormalUser2, UseAgent: false
          Value : uint256
                 00000000000000000000000000000000000000000000003F0000000000000000
(    TX 10    ) Function: withdraw(3ccfd60b), From: NormalUser1, UseAgent: false
          Value : uint256
                 0000000000000000000000000000000000000000000000000000000000000000

Fuzzing timeout expired.
[00:00:02:00] ===== Statistics =====
[00:00:02:00] Total Executions: 556161
[00:00:02:00] Deployment failures: 0
[00:00:02:00] Test Cases: 6
[00:00:02:00] Covered Edges: 36
[00:00:02:00] Covered Instructions: 455
[00:00:02:00] Covered Def-Use Chains: 4
[00:00:02:00] Found Bugs:
[00:00:02:00]   Assertion Failure: 0
[00:00:02:00]   Arbitrary Write: 0
[00:00:02:00]   Block state Dependency: 0
[00:00:02:00]   Control Hijack: 0
[00:00:02:00]   Ether Leak: 1
[00:00:02:00]   Integer Bug: 0
[00:00:02:00]   Mishandled Exception: 1
[00:00:02:00]   Multiple Send: 0
[00:00:02:00]   Reentrancy: 0
[00:00:02:00]   Suicidal Contract: 0
[00:00:02:00]   Transaction Origin Use: 0
[00:00:02:00]   Freezing Ether: 0
[00:00:02:00]   Requirement Violation: 0
[00:00:02:00] Done, clean up and exit...
----------------------------------------
Finished     : 2025-11-16 14:16:44 PST
Exit Code    : 0
