Label        : MS_false
Command      : dotnet build/Smartian.dll fuzz -p examples/bc/MS_false.bin -a examples/abi/MS_false.abi -t 120 -o examples/output/MS_false --useothersoracle -v 1
Started      : 2025-11-16 14:20:04 PST
Working Dir  : /Users/gelo/documents/thesis/smartian
========================================
[00:00:00:00] Fuzz target : examples/bc/MS_false.bin
[00:00:00:00] Fuzzing starts at 02:20:04
[00:00:00:00] Time limit : 120 s
[*] EVM Code Copy Analysis started.
[*] EVM Trampoline Analysis started.
[*] All done in 0.019270 sec.
[DEBUG] Analyzing constructor @ 0
Found sload(<0x0, { }, { }>) @ 0x13
Found sload(<0x0, { }, { }>) @ 0x104
Found sstore(<0x0, { }, { }>, <T, { }, { var_0 }>) @ 0x107
Found sstore(<T, { Sha(0x0) }, { var_0 }>, <0x0, { }, { }>) @ 0x143
Found sload(<T, { Sha(0x0) }, { var_0 }>) @ 0x4f
Found sstore(<T, { Sha(0x0) }, { var_0 }>, <T, { }, { arr_0 }>) @ 0x84
Found sload(<0x0, { }, { }>) @ 0x8a
Found sload(<0x0, { }, { }>) @ 0x104
Found sstore(<0x0, { }, { }>, <T, { }, { var_0 }>) @ 0x107
Found sstore(<T, { Sha(0x0) }, { var_0 }>, <0x0, { }, { }>) @ 0x143
Found sload(<T, { Sha(0x0) }, { var_0 }>) @ 0xc6
Found sstore(<T, { Sha(0x0) }, { var_0 }>, <T, { }, { arr_0 }>) @ 0xfb
Found codecopy(<0x0, { }, { }>, _, _), arg# = 0
constructor: Def = { arr_0, var_0 }, Use = { arr_0, var_0 }
Constructor tainted: {  }
[DEBUG] Analyzing refundAll(38e771ab) @ 51
Found sload(<0x0, { }, { }>) @ 0xba
Found sload(<0x0, { }, { }>) @ 0xc8
Found sload(<T, { Sha(0x0) }, { }>) @ 0xe1
Found sload(<0x0, { }, { }>) @ 0x11f
Found sload(<T, { Sha(0x0) }, { }>) @ 0x138
Found sload(<T, { Sha(*, 0x1) }, { }>) @ 0x190
refundAll(38e771ab): Def = {  }, Use = { arr_0, map_1, var_0 }
[DEBUG] Analyzing refunds(bc3da535) @ 66
Found sload(<T, { Sha(*, 0x1) }, { }>) @ 0x1da
refunds(bc3da535): Def = {  }, Use = { map_1 }
(0 candidate sequences)
[00:00:00:00] Start main fuzzing phase
[00:00:00:00] [*] Save new seed id-00000_00000: 
( => TX 0 <= ) Function: constructor, From: TargetOwner, UseAgent: false
          Value : uint256
                 0000000000000000000000000000000000000000000000000000000000000000
(    TX 1    ) Function: refundAll(38e771ab), From: TargetOwner, UseAgent: false
          Value : uint256
                 0000000000000000000000000000000000000000000000000000000000000000

[00:00:00:00] [*] Save new seed id-00001_00000: 
( => TX 0 <= ) Function: constructor, From: TargetOwner, UseAgent: false
          Value : uint256
                 0000000000000000000000000000000000000000000000000000000000000000
(    TX 1    ) Function: refunds(bc3da535), From: TargetOwner, UseAgent: false
          Value : uint256
                 0000000000000000000000000000000000000000000000000000000000000000
          Arg1 : address
                 0000000000000000000000000000000000000000

Fuzzing timeout expired.
[00:00:02:00] ===== Statistics =====
[00:00:02:00] Total Executions: 548025
[00:00:02:00] Deployment failures: 0
[00:00:02:00] Test Cases: 2
[00:00:02:00] Covered Edges: 27
[00:00:02:00] Covered Instructions: 326
[00:00:02:00] Covered Def-Use Chains: 0
[00:00:02:00] Found Bugs:
[00:00:02:00]   Assertion Failure: 0
[00:00:02:00]   Arbitrary Write: 0
[00:00:02:00]   Block state Dependency: 0
[00:00:02:00]   Control Hijack: 0
[00:00:02:00]   Ether Leak: 0
[00:00:02:00]   Integer Bug: 0
[00:00:02:00]   Mishandled Exception: 0
[00:00:02:00]   Multiple Send: 0
[00:00:02:00]   Reentrancy: 0
[00:00:02:00]   Suicidal Contract: 0
[00:00:02:00]   Transaction Origin Use: 0
[00:00:02:00]   Freezing Ether: 0
[00:00:02:00]   Requirement Violation: 0
[00:00:02:00] Done, clean up and exit...
----------------------------------------
Finished     : 2025-11-16 14:22:04 PST
Exit Code    : 0
