Label        : AF
Command      : dotnet build/Smartian.dll fuzz -p examples/bc/AF.bin -a examples/abi/AF.abi -t 120 -o examples/output/AF --useothersoracle -v 1
Started      : 2025-11-16 13:22:00 PST
Working Dir  : /Users/gelo/documents/thesis/smartian
========================================
[00:00:00:00] Fuzz target : examples/bc/AF.bin
[00:00:00:00] Fuzzing starts at 01:22:01
[00:00:00:00] Time limit : 120 s
[*] EVM Code Copy Analysis started.
[*] EVM Trampoline Analysis started.
[*] All done in 0.025707 sec.
[DEBUG] Analyzing constructor @ 0
Found sstore(<0x0, { }, { }>, <0x0, { }, { }>) @ 0x17
Found sstore(<0x1, { }, { }>, <0x0, { }, { }>) @ 0x1f
Found codecopy(<0x0, { }, { }>, _, _), arg# = 0
constructor: Def = { var_0, var_1 }, Use = {  }
Constructor tainted: {  }
[DEBUG] Analyzing CopyY(31a6ff9a) @ 58
Found sload(<0x1, { }, { }>) @ 0xad
Found sstore(<0x0, { }, { }>, <T, { }, { var_1 }>) @ 0xb2
CopyY(31a6ff9a): Def = { var_0 }, Use = { var_1 }
[DEBUG] Analyzing SetY(8eb85729) @ 6c
Found sstore(<0x1, { }, { }>, <T, { }, { }>) @ 0xbb
SetY(8eb85729): Def = { var_1 }, Use = {  }
[DEBUG] Analyzing Bar(b0a378b0) @ 96
Found sload(<0x0, { }, { }>) @ 0xc4
Bar(b0a378b0): Def = {  }, Use = { var_0 }
Pruning out ["CopyY(31a6ff9a)"]
(1 candidate sequences)
["SetY(8eb85729)"; "CopyY(31a6ff9a)"; "Bar(b0a378b0)"]
[00:00:00:00] Start main fuzzing phase
[00:00:00:00] [*] Save new seed id-00000_00000: 
( => TX 0 <= ) Function: constructor, From: TargetOwner, UseAgent: false
          Value : uint256
                 0000000000000000000000000000000000000000000000000000000000000000
(    TX 1    ) Function: SetY(8eb85729), From: TargetOwner, UseAgent: false
          Value : uint256
                 0000000000000000000000000000000000000000000000000000000000000000
          Arg1 : int256
                 0000000000000000000000000000000000000000000000000000000000000000
(    TX 2    ) Function: CopyY(31a6ff9a), From: NormalUser1, UseAgent: false
          Value : uint256
                 0000000000000000000000000000000000000000000000000000000000000000
(    TX 3    ) Function: Bar(b0a378b0), From: NormalUser1, UseAgent: false
          Value : uint256
                 0000000000000000000000000000000000000000000000000000000000000000

[00:00:00:00] Tx#3 found AssertionFailure at d1
[00:00:00:00] [*] Save bug seed id-00000-AF_00000: 
(    TX 0    ) Function: constructor, From: TargetOwner, UseAgent: false
          Value : uint256
                 0000000000000000000000000000000000000000000000000000000000000000
( => TX 1 <= ) Function: SetY(8eb85729), From: TargetOwner, UseAgent: false
          Value : uint256
                 0000000000000000000000000000000000000000000000000000000000000000
          Arg1 : int256
                 000000000000000000000000000000000000000000000000000000000000002A
(    TX 2    ) Function: CopyY(31a6ff9a), From: NormalUser1, UseAgent: false
          Value : uint256
                 0000000000000000000000000000000000000000000000000000000000000000
(    TX 3    ) Function: Bar(b0a378b0), From: NormalUser1, UseAgent: false
          Value : uint256
                 0000000000000000000000000000000000000000000000000000000000000000

[00:00:00:00] [*] Save new seed id-00001_00000: 
(    TX 0    ) Function: constructor, From: TargetOwner, UseAgent: false
          Value : uint256
                 0000000000000000000000000000000000000000000000000000000000000000
( => TX 1 <= ) Function: SetY(8eb85729), From: TargetOwner, UseAgent: false
          Value : uint256
                 0000000000000000000000000000000000000000000000000000000000000000
          Arg1 : int256
                 000000000000000000000000000000000000000000000000000000000000002A
(    TX 2    ) Function: CopyY(31a6ff9a), From: NormalUser1, UseAgent: false
          Value : uint256
                 0000000000000000000000000000000000000000000000000000000000000000
(    TX 3    ) Function: Bar(b0a378b0), From: NormalUser1, UseAgent: false
          Value : uint256
                 0000000000000000000000000000000000000000000000000000000000000000

Fuzzing timeout expired.
[00:00:02:00] ===== Statistics =====
[00:00:02:00] Total Executions: 792924
[00:00:02:00] Deployment failures: 0
[00:00:02:00] Test Cases: 2
[00:00:02:00] Covered Edges: 19
[00:00:02:00] Covered Instructions: 144
[00:00:02:00] Covered Def-Use Chains: 2
[00:00:02:00] Found Bugs:
[00:00:02:00]   Assertion Failure: 1
[00:00:02:00]   Arbitrary Write: 0
[00:00:02:00]   Block state Dependency: 0
[00:00:02:00]   Control Hijack: 0
[00:00:02:00]   Ether Leak: 0
[00:00:02:00]   Integer Bug: 0
[00:00:02:00]   Mishandled Exception: 0
[00:00:02:00]   Multiple Send: 0
[00:00:02:00]   Reentrancy: 0
[00:00:02:00]   Suicidal Contract: 0
[00:00:02:00]   Transaction Origin Use: 0
[00:00:02:00]   Freezing Ether: 0
[00:00:02:00]   Requirement Violation: 0
[00:00:02:00] Done, clean up and exit...
----------------------------------------
Finished     : 2025-11-16 13:24:01 PST
Exit Code    : 0
